<?xml version="1.0" encoding="UTF-8"?>
<!-- Generated by org.testng.reporters.JUnitXMLReporter -->
<testsuite hostname="admichy-PC" name="Test" tests="9" failures="0" timestamp="3 May 2018 08:15:39 GMT" time="11.506" errors="0">
  <testcase name="testA1" time="0.009" classname="com.example.websocket.test.A1Test"/>
  <testcase name="testA1" time="0.002" classname="com.example.websocket.test.A1Test"/>
  <testcase name="testD1" time="0.004" classname="com.example.websocket.test.D1Test"/>
  <testcase name="testD1" time="0.001" classname="com.example.websocket.test.D1Test"/>
  <testcase name="testD1" time="0.0" classname="com.example.websocket.test.D1Test"/>
  <testcase name="testD1" time="0.001" classname="com.example.websocket.test.D1Test"/>
  <testcase name="testD1" time="0.002" classname="com.example.websocket.test.D1Test"/>
  <testcase name="testD1" time="0.0" classname="com.example.websocket.test.D1Test"/>
  <testcase name="testD1" time="0.001" classname="com.example.websocket.test.D1Test"/>
</testsuite> <!-- Test -->
