<?xml version="1.0" encoding="UTF-8"?>
<testsuite name="TestSuite" time="0.008" tests="9" errors="0" skipped="0" failures="0">
  <properties>
[...]
</properties>
  <testcase name="testA1" classname="com.example.websocket.test.A1Test" time="0.007"/>
  <testcase name="testA1" classname="com.example.websocket.test.A1Test" time="0"/>
  <testcase name="testD1" classname="com.example.websocket.test.D1Test" time="0"/>
  <testcase name="testD1" classname="com.example.websocket.test.D1Test" time="0"/>
  <testcase name="testD1" classname="com.example.websocket.test.D1Test" time="0"/>
  <testcase name="testD1" classname="com.example.websocket.test.D1Test" time="0"/>
  <testcase name="testD1" classname="com.example.websocket.test.D1Test" time="0.001"/>
  <testcase name="testD1" classname="com.example.websocket.test.D1Test" time="0"/>
  <testcase name="testD1" classname="com.example.websocket.test.D1Test" time="0"/>
</testsuite>