<?xml version="1.0" encoding="UTF-8"?>
<testng-results skipped="0" failed="0" total="9" passed="9">
  <reporter-output>
  </reporter-output>
  <suite name="Suite" duration-ms="11506" started-at="2018-05-03T08:15:28Z" finished-at="2018-05-03T08:15:39Z">
    <groups>
    </groups>
    <test name="Test" duration-ms="11506" started-at="2018-05-03T08:15:28Z" finished-at="2018-05-03T08:15:39Z">
      <class name="com.example.websocket.test.D1Test">
        <test-method status="PASS" signature="beforeTest()[pri:0, instance:com.example.websocket.test.D1Test@60f82f98]" name="beforeTest" is-config="true" duration-ms="2966" started-at="2018-05-03T16:15:28Z" finished-at="2018-05-03T16:15:31Z">
          <reporter-output>
          </reporter-output>
        </test-method> <!-- beforeTest -->
        <test-method status="PASS" signature="beforeClass()[pri:0, instance:com.example.websocket.test.D1Test@60f82f98]" name="beforeClass" is-config="true" duration-ms="8508" started-at="2018-05-03T16:15:31Z" finished-at="2018-05-03T16:15:39Z">
          <reporter-output>
          </reporter-output>
        </test-method> <!-- beforeClass -->
        <test-method status="PASS" signature="testD1(java.util.Map)[pri:0, instance:com.example.websocket.test.D1Test@60f82f98]" name="testD1" duration-ms="4" started-at="2018-05-03T16:15:39Z" data-provider="d1" finished-at="2018-05-03T16:15:39Z">
          <params>
            <param index="0">
              <value>
                <![CDATA[{counterNo=A-10, flightNo=8L1101|8L1102|8L1103|8L1104|8L1105|8L1106, statusZH=取消, toCityZH=海口}]]>
              </value>
            </param>
          </params>
          <reporter-output>
          </reporter-output>
        </test-method> <!-- testD1 -->
        <test-method status="PASS" signature="testD1(java.util.Map)[pri:0, instance:com.example.websocket.test.D1Test@60f82f98]" name="testD1" duration-ms="1" started-at="2018-05-03T16:15:39Z" data-provider="d1" finished-at="2018-05-03T16:15:39Z">
          <params>
            <param index="0">
              <value>
                <![CDATA[{counterNo=A-10, flightNo=8L1101|8L1102|8L1103|8L1104|8L1105|8L1106, statusZH=取消, toCityZH=成都}]]>
              </value>
            </param>
          </params>
          <reporter-output>
          </reporter-output>
        </test-method> <!-- testD1 -->
        <test-method status="PASS" signature="testD1(java.util.Map)[pri:0, instance:com.example.websocket.test.D1Test@60f82f98]" name="testD1" duration-ms="0" started-at="2018-05-03T16:15:39Z" data-provider="d1" finished-at="2018-05-03T16:15:39Z">
          <params>
            <param index="0">
              <value>
                <![CDATA[{counterNo=A-10, flightNo=8L1101|8L1102|8L1103|8L1104|8L1105|8L1106, statusZH=取消, toCityZH=武汉}]]>
              </value>
            </param>
          </params>
          <reporter-output>
          </reporter-output>
        </test-method> <!-- testD1 -->
        <test-method status="PASS" signature="testD1(java.util.Map)[pri:0, instance:com.example.websocket.test.D1Test@60f82f98]" name="testD1" duration-ms="1" started-at="2018-05-03T16:15:39Z" data-provider="d1" finished-at="2018-05-03T16:15:39Z">
          <params>
            <param index="0">
              <value>
                <![CDATA[{counterNo=A-10, flightNo=8L1101|8L1102|8L1103|8L1104|8L1105|8L1106, statusZH=取消, toCityZH=安庆}]]>
              </value>
            </param>
          </params>
          <reporter-output>
          </reporter-output>
        </test-method> <!-- testD1 -->
        <test-method status="PASS" signature="testD1(java.util.Map)[pri:0, instance:com.example.websocket.test.D1Test@60f82f98]" name="testD1" duration-ms="2" started-at="2018-05-03T16:15:39Z" data-provider="d1" finished-at="2018-05-03T16:15:39Z">
          <params>
            <param index="0">
              <value>
                <![CDATA[{counterNo=A-10, flightNo=8L1101|8L1102|8L1103|8L1104|8L1105|8L1106, statusZH=取消, toCityZH=深圳}]]>
              </value>
            </param>
          </params>
          <reporter-output>
          </reporter-output>
        </test-method> <!-- testD1 -->
        <test-method status="PASS" signature="testD1(java.util.Map)[pri:0, instance:com.example.websocket.test.D1Test@60f82f98]" name="testD1" duration-ms="1" started-at="2018-05-03T16:15:39Z" data-provider="d1" finished-at="2018-05-03T16:15:39Z">
          <params>
            <param index="0">
              <value>
                <![CDATA[{counterNo=A-10, flightNo=8L1101|8L1102|8L1103|8L1104|8L1105|8L1106, statusZH=取消, toCityZH=左旗巴彦浩特}]]>
              </value>
            </param>
          </params>
          <reporter-output>
          </reporter-output>
        </test-method> <!-- testD1 -->
        <test-method status="PASS" signature="testD1(java.util.Map)[pri:0, instance:com.example.websocket.test.D1Test@60f82f98]" name="testD1" duration-ms="0" started-at="2018-05-03T16:15:39Z" data-provider="d1" finished-at="2018-05-03T16:15:39Z">
          <params>
            <param index="0">
              <value>
                <![CDATA[{counterNo=A-10, flightNo=8L1101|8L1102|8L1103|8L1104|8L1105|8L1106, statusZH=取消, toCityZH=重庆}]]>
              </value>
            </param>
          </params>
          <reporter-output>
          </reporter-output>
        </test-method> <!-- testD1 -->
        <test-method status="PASS" signature="afterClass()[pri:0, instance:com.example.websocket.test.D1Test@60f82f98]" name="afterClass" is-config="true" duration-ms="0" started-at="2018-05-03T16:15:39Z" finished-at="2018-05-03T16:15:39Z">
          <reporter-output>
          </reporter-output>
        </test-method> <!-- afterClass -->
        <test-method status="PASS" signature="afterTest()[pri:0, instance:com.example.websocket.test.D1Test@60f82f98]" name="afterTest" is-config="true" duration-ms="0" started-at="2018-05-03T16:15:39Z" finished-at="2018-05-03T16:15:39Z">
          <reporter-output>
          </reporter-output>
        </test-method> <!-- afterTest -->
      </class> <!-- com.example.websocket.test.D1Test -->
      <class name="com.example.websocket.test.A1Test">
        <test-method status="PASS" signature="beforeClass()[pri:0, instance:com.example.websocket.test.A1Test@3d8c7aca]" name="beforeClass" is-config="true" duration-ms="8485" started-at="2018-05-03T16:15:31Z" finished-at="2018-05-03T16:15:39Z">
          <reporter-output>
          </reporter-output>
        </test-method> <!-- beforeClass -->
        <test-method status="PASS" signature="testA1(java.util.Map)[pri:0, instance:com.example.websocket.test.A1Test@3d8c7aca]" name="testA1" duration-ms="9" started-at="2018-05-03T16:15:39Z" data-provider="a1" finished-at="2018-05-03T16:15:39Z">
          <params>
            <param index="0">
              <value>
                <![CDATA[{exitNo=D, flightNo=CA0001|CA0002|CA0003|CA0004|CA0005|CA0006, fromCityZH=成都, statusZH=延误}]]>
              </value>
            </param>
          </params>
          <reporter-output>
          </reporter-output>
        </test-method> <!-- testA1 -->
        <test-method status="PASS" signature="testA1(java.util.Map)[pri:0, instance:com.example.websocket.test.A1Test@3d8c7aca]" name="testA1" duration-ms="2" started-at="2018-05-03T16:15:39Z" data-provider="a1" finished-at="2018-05-03T16:15:39Z">
          <params>
            <param index="0">
              <value>
                <![CDATA[{exitNo=D, flightNo=CA0001|CA0002|CA0003|CA0004|CA0005|CA0006, fromCityZH=贵阳, statusZH=延误}]]>
              </value>
            </param>
          </params>
          <reporter-output>
          </reporter-output>
        </test-method> <!-- testA1 -->
        <test-method status="PASS" signature="afterClass()[pri:0, instance:com.example.websocket.test.A1Test@3d8c7aca]" name="afterClass" is-config="true" duration-ms="1" started-at="2018-05-03T16:15:39Z" finished-at="2018-05-03T16:15:39Z">
          <reporter-output>
          </reporter-output>
        </test-method> <!-- afterClass -->
      </class> <!-- com.example.websocket.test.A1Test -->
    </test> <!-- Test -->
  </suite> <!-- Suite -->
</testng-results>
